#
# There is insufficient memory for the Java Runtime Environment to continue.
# Native memory allocation (malloc) failed to allocate 895936 bytes for Chunk::new
# Possible reasons:
#   The system is out of physical RAM or swap space
#   In 32 bit mode, the process size limit was hit
# Possible solutions:
#   Reduce memory load on the system
#   Increase physical memory or swap space
#   Check if swap backing store is full
#   Use 64 bit Java on a 64 bit OS
#   Decrease Java heap size (-Xmx/-Xms)
#   Decrease number of Java threads
#   Decrease Java thread stack sizes (-Xss)
#   Set larger code cache with -XX:ReservedCodeCacheSize=
# This output file may be truncated or incomplete.
#
#  Out of Memory Error (allocation.cpp:390), pid=8664, tid=0x000000000000158c
#
# JRE version: OpenJDK Runtime Environment (8.0_152-b06) (build 1.8.0_152-release-1136-b06)
# Java VM: OpenJDK 64-Bit Server VM (25.152-b06 mixed mode windows-amd64 compressed oops)
# Failed to write core dump. Minidumps are not enabled by default on client versions of Windows
#

---------------  T H R E A D  ---------------

Current thread (0x0000000016418000):  JavaThread "C2 CompilerThread0" daemon [_thread_in_native, id=5516, stack(0x0000000017a90000,0x0000000017b90000)]

Stack: [0x0000000017a90000,0x0000000017b90000]
[error occurred during error reporting (printing stack bounds), id 0xc0000005]

Native frames: (J=compiled Java code, j=interpreted, Vv=VM code, C=native code)


Current CompileTask:
C2:6350105 23635       4       org.objectweb.asm.ClassReader::readCode (3575 bytes)


---------------  P R O C E S S  ---------------

Java Threads: ( => current thread )
  0x000000001c5a9000 JavaThread "ForkJoinPool.commonPool-worker-2" daemon [_thread_in_native, id=7636, stack(0x0000000031e40000,0x0000000031f40000)]
  0x000000001c5ab000 JavaThread "ForkJoinPool.commonPool-worker-1" daemon [_thread_in_native, id=10884, stack(0x0000000031d40000,0x0000000031e40000)]
  0x000000001c5af800 JavaThread "ForkJoinPool.commonPool-worker-0" daemon [_thread_in_native, id=5008, stack(0x0000000031c40000,0x0000000031d40000)]
  0x000000001db8f800 JavaThread "Cache worker for Java compile cache (C:\Users\neroo\Desktop\professional potatoes\IBMHack\.gradle\4.6\javaCompile)" [_thread_blocked, id=10116, stack(0x0000000031940000,0x0000000031a40000)]
  0x0000000018b61800 JavaThread "stdout" daemon [_thread_in_native, id=9932, stack(0x0000000031840000,0x0000000031940000)]
  0x0000000018b5e000 JavaThread "stderr" daemon [_thread_in_native, id=11684, stack(0x0000000031740000,0x0000000031840000)]
  0x0000000018b5f800 JavaThread "stdout" daemon [_thread_in_native, id=2208, stack(0x0000000031640000,0x0000000031740000)]
  0x000000001db88800 JavaThread "stderr" daemon [_thread_in_native, id=7620, stack(0x0000000031540000,0x0000000031640000)]
  0x000000001db8e800 JavaThread "stdout" daemon [_thread_in_native, id=484, stack(0x0000000031440000,0x0000000031540000)]
  0x000000001db8c800 JavaThread "stderr" daemon [_thread_in_native, id=204, stack(0x0000000031340000,0x0000000031440000)]
  0x000000001db81000 JavaThread "pool-21-thread-1" [_thread_blocked, id=11800, stack(0x0000000031140000,0x0000000031240000)]
  0x000000001db82000 JavaThread "Task worker for ':' Thread 3" [_thread_blocked, id=10328, stack(0x0000000030d40000,0x0000000030e40000)]
  0x0000000017ed8000 JavaThread "Task worker for ':' Thread 2" [_thread_blocked, id=3496, stack(0x0000000030c40000,0x0000000030d40000)]
  0x0000000017ece000 JavaThread "Task worker for ':'" [_thread_blocked, id=12968, stack(0x0000000030b40000,0x0000000030c40000)]
  0x0000000017ed5000 JavaThread "Cache worker for Build Output Cleanup Cache (C:\Users\neroo\Desktop\professional potatoes\IBMHack\.gradle\buildOutputCleanup)" [_thread_blocked, id=5140, stack(0x0000000030a40000,0x0000000030b40000)]
  0x0000000017ecd800 JavaThread "Cache worker for task history cache (C:\Users\neroo\Desktop\professional potatoes\IBMHack\.gradle\4.6\taskHistory)" [_thread_blocked, id=9940, stack(0x0000000030940000,0x0000000030a40000)]
  0x0000000017ed4000 JavaThread "Cache worker for file content cache (C:\Users\neroo\Desktop\professional potatoes\IBMHack\.gradle\4.6\fileContent)" [_thread_blocked, id=8040, stack(0x0000000030840000,0x0000000030940000)]
  0x0000000017ecc800 JavaThread "Build operations Thread 4" [_thread_blocked, id=6216, stack(0x0000000030740000,0x0000000030840000)]
  0x0000000017ed3800 JavaThread "Build operations Thread 3" [_thread_blocked, id=9312, stack(0x0000000030640000,0x0000000030740000)]
  0x0000000017ecc000 JavaThread "Build operations Thread 2" [_thread_blocked, id=5248, stack(0x0000000030540000,0x0000000030640000)]
  0x000000001b7a5000 JavaThread "Build operations" [_thread_blocked, id=8412, stack(0x0000000030440000,0x0000000030540000)]
  0x000000001b7a3800 JavaThread "Cache worker for Artifact transforms cache (C:\Users\neroo\.gradle\caches\transforms-1)" [_thread_blocked, id=11956, stack(0x0000000030340000,0x0000000030440000)]
  0x000000001b7a3000 JavaThread "Cache worker for file hash cache (C:\Users\neroo\Desktop\professional potatoes\IBMHack\.gradle\4.6\fileHashes)" [_thread_blocked, id=4164, stack(0x0000000030240000,0x0000000030340000)]
  0x000000001b7a4800 JavaThread "Asynchronous log dispatcher for DefaultDaemonConnection: socket connection from /127.0.0.1:58334 to /127.0.0.1:58769" [_thread_blocked, id=7788, stack(0x0000000030040000,0x0000000030140000)]
  0x000000001b7a6000 JavaThread "Cancel handler" [_thread_blocked, id=3860, stack(0x000000002ff40000,0x0000000030040000)]
  0x000000001b7a2000 JavaThread "Handler for socket connection from /127.0.0.1:58334 to /127.0.0.1:58769" [_thread_in_native, id=5088, stack(0x000000002fe40000,0x000000002ff40000)]
  0x000000001db8d000 JavaThread "Daemon worker Thread 6" [_thread_blocked, id=7044, stack(0x000000002e540000,0x000000002e640000)]
  0x000000001db84000 JavaThread "Daemon Thread 6" [_thread_blocked, id=11548, stack(0x000000002e240000,0x000000002e340000)]
  0x000000001db85800 JavaThread "pool-14-thread-1" [_thread_blocked, id=3800, stack(0x000000002c640000,0x000000002c740000)]
  0x000000001db90000 JavaThread "MarlinRenderer Disposer" daemon [_thread_blocked, id=2872, stack(0x0000000025040000,0x0000000025140000)]
  0x000000001db8b000 JavaThread "Java2D Disposer" daemon [_thread_blocked, id=12152, stack(0x0000000024f40000,0x0000000025040000)]
  0x0000000017eda800 JavaThread "pool-1-thread-1" [_thread_blocked, id=10644, stack(0x0000000022b00000,0x0000000022c00000)]
  0x0000000017ecb000 JavaThread "Memory manager" [_thread_blocked, id=212, stack(0x0000000022400000,0x0000000022500000)]
  0x0000000019787000 JavaThread "File lock request listener" [_thread_in_native, id=3044, stack(0x000000001aee0000,0x000000001afe0000)]
  0x00000000193b2000 JavaThread "Cache worker for file hash cache (C:\Users\neroo\.gradle\caches\4.6\fileHashes)" [_thread_blocked, id=11340, stack(0x000000001ade0000,0x000000001aee0000)]
  0x00000000192dc800 JavaThread "Daemon periodic checks" [_thread_blocked, id=9800, stack(0x000000001a2e0000,0x000000001a3e0000)]
  0x00000000192dc000 JavaThread "Incoming local TCP Connector on port 58334" [_thread_in_native, id=7840, stack(0x000000001a0a0000,0x000000001a1a0000)]
  0x0000000017db8800 JavaThread "Service Thread" daemon [_thread_blocked, id=11176, stack(0x0000000018190000,0x0000000018290000)]
  0x000000001642b800 JavaThread "C1 CompilerThread2" daemon [_thread_blocked, id=9220, stack(0x0000000017c90000,0x0000000017d90000)]
  0x000000001641d000 JavaThread "C2 CompilerThread1" daemon [_thread_in_native, id=6652, stack(0x0000000017b90000,0x0000000017c90000)]
=>0x0000000016418000 JavaThread "C2 CompilerThread0" daemon [_thread_in_native, id=5516, stack(0x0000000017a90000,0x0000000017b90000)]
  0x0000000016425800 JavaThread "Attach Listener" daemon [_thread_blocked, id=688, stack(0x0000000017990000,0x0000000017a90000)]
  0x0000000016424800 JavaThread "Signal Dispatcher" daemon [_thread_blocked, id=12480, stack(0x0000000017890000,0x0000000017990000)]
  0x0000000002aac000 JavaThread "Finalizer" daemon [_thread_blocked, id=3748, stack(0x0000000017690000,0x0000000017790000)]
  0x0000000002aa1000 JavaThread "Reference Handler" daemon [_thread_blocked, id=8616, stack(0x0000000017590000,0x0000000017690000)]
  0x000000000297d800 JavaThread "main" [_thread_blocked, id=4988, stack(0x00000000027f0000,0x00000000028f0000)]

Other Threads:
  0x00000000163e5800 VMThread [stack: 0x0000000017490000,0x0000000017590000] [id=5320]
  0x0000000017dbb000 WatcherThread [stack: 0x0000000018290000,0x0000000018390000] [id=12240]

VM state:not at safepoint (normal execution)

VM Mutex/Monitor currently owned by a thread: None

Heap:
 PSYoungGen      total 261120K, used 176836K [0x00000000e0000000, 0x00000000f5b00000, 0x0000000100000000)
  eden space 198656K, 73% used [0x00000000e0000000,0x00000000e8ed0f20,0x00000000ec200000)
  from space 62464K, 48% used [0x00000000ec200000,0x00000000edfe0368,0x00000000eff00000)
  to   space 66560K, 0% used [0x00000000f1a00000,0x00000000f1a00000,0x00000000f5b00000)
 ParOldGen       total 200192K, used 120776K [0x00000000a0000000, 0x00000000ac380000, 0x00000000e0000000)
  object space 200192K, 60% used [0x00000000a0000000,0x00000000a75f20e8,0x00000000ac380000)
 Metaspace       used 106695K, capacity 111456K, committed 111576K, reserved 1146880K
  class space    used 13310K, capacity 14477K, committed 14592K, reserved 1048576K

Card table byte_map: [0x0000000011e70000,0x0000000012180000] byte_map_base: 0x0000000011970000

Marking Bits: (ParMarkBitMap*) 0x000000005b365aa0
 Begin Bits: [0x0000000012780000, 0x0000000013f80000)
 End Bits:   [0x0000000013f80000, 0x0000000015780000)

Polling page: 0x00000000028f0000

CodeCache: size=245760Kb used=64671Kb max_used=64899Kb free=181088Kb
 bounds [0x0000000002ab0000, 0x0000000006aa0000, 0x0000000011ab0000]
 total_blobs=19116 nmethods=18137 adapters=890
 compilation: enabled

Compilation events (10 events):
Event: 6349.967 Thread 0x000000001642b800 23660       3       org.objectweb.asm.MethodWriter::writeFrame (551 bytes)
Event: 6349.972 Thread 0x000000001642b800 nmethod 23660 0x00000000062d0110 code [0x00000000062d0440, 0x00000000062d12f8]
Event: 6349.975 Thread 0x000000001642b800 23661       3       org.objectweb.asm.ByteVector::putByteArray (49 bytes)
Event: 6349.976 Thread 0x000000001642b800 nmethod 23661 0x000000000629d5d0 code [0x000000000629d740, 0x000000000629da78]
Event: 6349.987 Thread 0x000000001642b800 23662       3       java.util.TimSort::countRunAndMakeAscending (128 bytes)
Event: 6349.989 Thread 0x000000001642b800 nmethod 23662 0x000000000629c450 code [0x000000000629c640, 0x000000000629d0e8]
Event: 6349.991 Thread 0x000000001642b800 23663       3       org.objectweb.asm.commons.GeneratorAdapter::box (105 bytes)
Event: 6349.993 Thread 0x000000001642b800 nmethod 23663 0x00000000062cdf50 code [0x00000000062ce200, 0x00000000062cf828]
Event: 6350.050 Thread 0x000000001642b800 23665       3       org.objectweb.asm.MethodWriter::getSize (864 bytes)
Event: 6350.058 Thread 0x000000001642b800 nmethod 23665 0x00000000062c9b50 code [0x00000000062c9fa0, 0x00000000062ccba8]

GC Heap History (10 events):
Event: 6305.789 GC heap before
{Heap before GC invocations=37 (full 4):
 PSYoungGen      total 265216K, used 252089K [0x00000000e0000000, 0x00000000f5b00000, 0x0000000100000000)
  eden space 198656K, 100% used [0x00000000e0000000,0x00000000ec200000,0x00000000ec200000)
  from space 66560K, 80% used [0x00000000f1a00000,0x00000000f4e2e7a0,0x00000000f5b00000)
  to   space 62464K, 0% used [0x00000000ec200000,0x00000000ec200000,0x00000000eff00000)
 ParOldGen       total 200192K, used 72408K [0x00000000a0000000, 0x00000000ac380000, 0x00000000e0000000)
  object space 200192K, 36% used [0x00000000a0000000,0x00000000a46b6228,0x00000000ac380000)
 Metaspace       used 104406K, capacity 108676K, committed 109400K, reserved 1144832K
  class space    used 12987K, capacity 14023K, committed 14208K, reserved 1048576K
Event: 6305.904 GC heap after
Heap after GC invocations=37 (full 4):
 PSYoungGen      total 261120K, used 62450K [0x00000000e0000000, 0x00000000f5b00000, 0x0000000100000000)
  eden space 198656K, 0% used [0x00000000e0000000,0x00000000e0000000,0x00000000ec200000)
  from space 62464K, 99% used [0x00000000ec200000,0x00000000efefc988,0x00000000eff00000)
  to   space 66560K, 0% used [0x00000000f1a00000,0x00000000f1a00000,0x00000000f5b00000)
 ParOldGen       total 200192K, used 72896K [0x00000000a0000000, 0x00000000ac380000, 0x00000000e0000000)
  object space 200192K, 36% used [0x00000000a0000000,0x00000000a4730228,0x00000000ac380000)
 Metaspace       used 104406K, capacity 108676K, committed 109400K, reserved 1144832K
  class space    used 12987K, capacity 14023K, committed 14208K, reserved 1048576K
}
Event: 6313.428 GC heap before
{Heap before GC invocations=38 (full 4):
 PSYoungGen      total 261120K, used 261106K [0x00000000e0000000, 0x00000000f5b00000, 0x0000000100000000)
  eden space 198656K, 100% used [0x00000000e0000000,0x00000000ec200000,0x00000000ec200000)
  from space 62464K, 99% used [0x00000000ec200000,0x00000000efefc988,0x00000000eff00000)
  to   space 66560K, 0% used [0x00000000f1a00000,0x00000000f1a00000,0x00000000f5b00000)
 ParOldGen       total 200192K, used 72907K [0x00000000a0000000, 0x00000000ac380000, 0x00000000e0000000)
  object space 200192K, 36% used [0x00000000a0000000,0x00000000a4732d70,0x00000000ac380000)
 Metaspace       used 105327K, capacity 109802K, committed 110040K, reserved 1144832K
  class space    used 13131K, capacity 14246K, committed 14336K, reserved 1048576K
Event: 6313.678 GC heap after
Heap after GC invocations=38 (full 4):
 PSYoungGen      total 265216K, used 66541K [0x00000000e0000000, 0x00000000f5b00000, 0x0000000100000000)
  eden space 198656K, 0% used [0x00000000e0000000,0x00000000e0000000,0x00000000ec200000)
  from space 66560K, 99% used [0x00000000f1a00000,0x00000000f5afb518,0x00000000f5b00000)
  to   space 62464K, 0% used [0x00000000ec200000,0x00000000ec200000,0x00000000eff00000)
 ParOldGen       total 200192K, used 76549K [0x00000000a0000000, 0x00000000ac380000, 0x00000000e0000000)
  object space 200192K, 38% used [0x00000000a0000000,0x00000000a4ac1730,0x00000000ac380000)
 Metaspace       used 105327K, capacity 109802K, committed 110040K, reserved 1144832K
  class space    used 13131K, capacity 14246K, committed 14336K, reserved 1048576K
}
Event: 6313.904 GC heap before
{Heap before GC invocations=39 (full 4):
 PSYoungGen      total 265216K, used 264712K [0x00000000e0000000, 0x00000000f5b00000, 0x0000000100000000)
  eden space 198656K, 99% used [0x00000000e0000000,0x00000000ec186d80,0x00000000ec200000)
  from space 66560K, 99% used [0x00000000f1a00000,0x00000000f5afb518,0x00000000f5b00000)
  to   space 62464K, 0% used [0x00000000ec200000,0x00000000ec200000,0x00000000eff00000)
 ParOldGen       total 200192K, used 76549K [0x00000000a0000000, 0x00000000ac380000, 0x00000000e0000000)
  object space 200192K, 38% used [0x00000000a0000000,0x00000000a4ac1730,0x00000000ac380000)
 Metaspace       used 105383K, capacity 109836K, committed 110040K, reserved 1144832K
  class space    used 13142K, capacity 14255K, committed 14336K, reserved 1048576K
Event: 6314.102 GC heap after
Heap after GC invocations=39 (full 4):
 PSYoungGen      total 261120K, used 53292K [0x00000000e0000000, 0x00000000f5b00000, 0x0000000100000000)
  eden space 198656K, 0% used [0x00000000e0000000,0x00000000e0000000,0x00000000ec200000)
  from space 62464K, 85% used [0x00000000ec200000,0x00000000ef60b120,0x00000000eff00000)
  to   space 66560K, 0% used [0x00000000f1a00000,0x00000000f1a00000,0x00000000f5b00000)
 ParOldGen       total 200192K, used 89289K [0x00000000a0000000, 0x00000000ac380000, 0x00000000e0000000)
  object space 200192K, 44% used [0x00000000a0000000,0x00000000a57325f0,0x00000000ac380000)
 Metaspace       used 105383K, capacity 109836K, committed 110040K, reserved 1144832K
  class space    used 13142K, capacity 14255K, committed 14336K, reserved 1048576K
}
Event: 6321.099 GC heap before
{Heap before GC invocations=40 (full 4):
 PSYoungGen      total 261120K, used 251948K [0x00000000e0000000, 0x00000000f5b00000, 0x0000000100000000)
  eden space 198656K, 100% used [0x00000000e0000000,0x00000000ec200000,0x00000000ec200000)
  from space 62464K, 85% used [0x00000000ec200000,0x00000000ef60b120,0x00000000eff00000)
  to   space 66560K, 0% used [0x00000000f1a00000,0x00000000f1a00000,0x00000000f5b00000)
 ParOldGen       total 200192K, used 89289K [0x00000000a0000000, 0x00000000ac380000, 0x00000000e0000000)
  object space 200192K, 44% used [0x00000000a0000000,0x00000000a57325f0,0x00000000ac380000)
 Metaspace       used 105995K, capacity 110608K, committed 110936K, reserved 1146880K
  class space    used 13236K, capacity 14361K, committed 14464K, reserved 1048576K
Event: 6321.210 GC heap after
Heap after GC invocations=40 (full 4):
 PSYoungGen      total 265216K, used 37782K [0x00000000e0000000, 0x00000000f5b00000, 0x0000000100000000)
  eden space 198656K, 0% used [0x00000000e0000000,0x00000000e0000000,0x00000000ec200000)
  from space 66560K, 56% used [0x00000000f1a00000,0x00000000f3ee5a78,0x00000000f5b00000)
  to   space 62464K, 0% used [0x00000000ec200000,0x00000000ec200000,0x00000000eff00000)
 ParOldGen       total 200192K, used 110509K [0x00000000a0000000, 0x00000000ac380000, 0x00000000e0000000)
  object space 200192K, 55% used [0x00000000a0000000,0x00000000a6beb438,0x00000000ac380000)
 Metaspace       used 105995K, capacity 110608K, committed 110936K, reserved 1146880K
  class space    used 13236K, capacity 14361K, committed 14464K, reserved 1048576K
}
Event: 6335.460 GC heap before
{Heap before GC invocations=41 (full 4):
 PSYoungGen      total 265216K, used 236438K [0x00000000e0000000, 0x00000000f5b00000, 0x0000000100000000)
  eden space 198656K, 100% used [0x00000000e0000000,0x00000000ec200000,0x00000000ec200000)
  from space 66560K, 56% used [0x00000000f1a00000,0x00000000f3ee5a78,0x00000000f5b00000)
  to   space 62464K, 0% used [0x00000000ec200000,0x00000000ec200000,0x00000000eff00000)
 ParOldGen       total 200192K, used 110509K [0x00000000a0000000, 0x00000000ac380000, 0x00000000e0000000)
  object space 200192K, 55% used [0x00000000a0000000,0x00000000a6beb438,0x00000000ac380000)
 Metaspace       used 106160K, capacity 110800K, committed 110936K, reserved 1146880K
  class space    used 13254K, capacity 14387K, committed 14464K, reserved 1048576K
Event: 6335.543 GC heap after
Heap after GC invocations=41 (full 4):
 PSYoungGen      total 261120K, used 30592K [0x00000000e0000000, 0x00000000f5b00000, 0x0000000100000000)
  eden space 198656K, 0% used [0x00000000e0000000,0x00000000e0000000,0x00000000ec200000)
  from space 62464K, 48% used [0x00000000ec200000,0x00000000edfe0368,0x00000000eff00000)
  to   space 66560K, 0% used [0x00000000f1a00000,0x00000000f1a00000,0x00000000f5b00000)
 ParOldGen       total 200192K, used 120776K [0x00000000a0000000, 0x00000000ac380000, 0x00000000e0000000)
  object space 200192K, 60% used [0x00000000a0000000,0x00000000a75f20e8,0x00000000ac380000)
 Metaspace       used 106160K, capacity 110800K, committed 110936K, reserved 1146880K
  class space    used 13254K, capacity 14387K, committed 14464K, reserved 1048576K
}

Deoptimization events (10 events):
Event: 6349.489 Thread 0x000000001c5ab000 Uncommon trap: reason=class_check action=maybe_recompile pc=0x00000000047916d4 method=org.objectweb.asm.tree.LdcInsnNode.accept(Lorg/objectweb/asm/MethodVisitor;)V @ 5
Event: 6349.493 Thread 0x000000001c5af800 Uncommon trap: reason=class_check action=maybe_recompile pc=0x00000000047916d4 method=org.objectweb.asm.tree.LdcInsnNode.accept(Lorg/objectweb/asm/MethodVisitor;)V @ 5
Event: 6349.493 Thread 0x000000001c5af800 Uncommon trap: reason=class_check action=maybe_recompile pc=0x00000000047916d4 method=org.objectweb.asm.tree.LdcInsnNode.accept(Lorg/objectweb/asm/MethodVisitor;)V @ 5
Event: 6349.509 Thread 0x000000001c5ab000 Uncommon trap: reason=unstable_if action=reinterpret pc=0x00000000048940b0 method=org.objectweb.asm.MethodWriter.getSize()I @ 181
Event: 6349.509 Thread 0x000000001c5ab000 Uncommon trap: reason=unstable_if action=reinterpret pc=0x00000000048b4ac8 method=org.objectweb.asm.MethodWriter.put(Lorg/objectweb/asm/ByteVector;)V @ 374
Event: 6349.585 Thread 0x000000001c5af800 Uncommon trap: reason=unstable_if action=reinterpret pc=0x000000000481ee60 method=org.objectweb.asm.Item.isEqualTo(Lorg/objectweb/asm/Item;)Z @ 203
Event: 6349.897 Thread 0x000000001c5af800 Uncommon trap: reason=class_check action=maybe_recompile pc=0x00000000047ef7e0 method=org.objectweb.asm.tree.TypeInsnNode.accept(Lorg/objectweb/asm/MethodVisitor;)V @ 9
Event: 6349.897 Thread 0x000000001c5af800 Uncommon trap: reason=class_check action=maybe_recompile pc=0x00000000047ef7e0 method=org.objectweb.asm.tree.TypeInsnNode.accept(Lorg/objectweb/asm/MethodVisitor;)V @ 9
Event: 6349.897 Thread 0x000000001c5af800 Uncommon trap: reason=class_check action=maybe_recompile pc=0x00000000047ef7e0 method=org.objectweb.asm.tree.TypeInsnNode.accept(Lorg/objectweb/asm/MethodVisitor;)V @ 9
Event: 6349.897 Thread 0x000000001c5af800 Uncommon trap: reason=class_check action=maybe_recompile pc=0x00000000047ef7e0 method=org.objectweb.asm.tree.TypeInsnNode.accept(Lorg/objectweb/asm/MethodVisitor;)V @ 9

Classes redefined (0 events):
No events

Internal exceptions (10 events):
Event: 6313.227 Thread 0x000000001db82000 Exception <a 'java/lang/NoSuchMethodError': java.lang.Object.lambda$or$2(Ljava/util/function/Predicate;Ljava/lang/Object;)Z> (0x00000000eb36a108) thrown at [D:\src\AOSP-openjdk-cygwin\jdk8u\hotspot\src\share\vm\interpreter\linkResolver.cpp, line 584]
Event: 6314.352 Thread 0x000000001db82000 Exception <a 'java/io/FileNotFoundException'> (0x00000000e62a81a8) thrown at [D:\src\AOSP-openjdk-cygwin\jdk8u\hotspot\src\share\vm\prims\jni.cpp, line 709]
Event: 6314.458 Thread 0x000000001db82000 Exception <a 'sun/nio/fs/WindowsException'> (0x00000000e638f1e8) thrown at [D:\src\AOSP-openjdk-cygwin\jdk8u\hotspot\src\share\vm\prims\jni.cpp, line 709]
Event: 6314.541 Thread 0x000000001db82000 Exception <a 'sun/nio/fs/WindowsException'> (0x00000000e643f8f0) thrown at [D:\src\AOSP-openjdk-cygwin\jdk8u\hotspot\src\share\vm\prims\jni.cpp, line 709]
Event: 6319.237 Thread 0x000000001db8d000 Exception <a 'sun/nio/fs/WindowsException'> (0x00000000e7a5df38) thrown at [D:\src\AOSP-openjdk-cygwin\jdk8u\hotspot\src\share\vm\prims\jni.cpp, line 709]
Event: 6319.272 Thread 0x000000001db8d000 Exception <a 'java/lang/NoSuchMethodError': java.lang.Object.lambda$asRunnable$0(Lcom/android/tools/build/apkzlib/utils/IOExceptionRunnable;)V> (0x00000000e7aecf80) thrown at [D:\src\AOSP-openjdk-cygwin\jdk8u\hotspot\src\share\vm\interpreter\linkResolver.
Event: 6319.309 Thread 0x000000001db8d000 Exception <a 'java/lang/NoSuchMethodError': java.lang.Object.lambda$and$0(Ljava/util/function/Predicate;Ljava/lang/Object;)Z> (0x00000000e7b450d0) thrown at [D:\src\AOSP-openjdk-cygwin\jdk8u\hotspot\src\share\vm\interpreter\linkResolver.cpp, line 584]
Event: 6334.291 Thread 0x000000001db8d000 Exception <a 'sun/nio/fs/WindowsException'> (0x00000000e3477dc0) thrown at [D:\src\AOSP-openjdk-cygwin\jdk8u\hotspot\src\share\vm\prims\jni.cpp, line 709]
Event: 6348.151 Thread 0x000000001db8d000 Exception <a 'sun/nio/fs/WindowsException'> (0x00000000e7e1be80) thrown at [D:\src\AOSP-openjdk-cygwin\jdk8u\hotspot\src\share\vm\prims\jni.cpp, line 709]
Event: 6349.484 Thread 0x000000001c5a9000 Implicit null exception at 0x000000000481263d to 0x0000000004813181

Events (10 events):
Event: 6349.897 Thread 0x000000001c5af800 DEOPT UNPACKING pc=0x0000000002af557b sp=0x0000000031d3e6a8 mode 2
Event: 6349.899 Executing VM operation: RevokeBias
Event: 6349.900 Executing VM operation: RevokeBias done
Event: 6349.952 Executing VM operation: RevokeBias
Event: 6349.954 Executing VM operation: RevokeBias done
Event: 6349.962 Executing VM operation: RevokeBias
Event: 6349.962 Executing VM operation: RevokeBias done
Event: 6349.965 Thread 0x000000001642b800 flushing nmethod 0x0000000002d29350
Event: 6349.972 Executing VM operation: RevokeBias
Event: 6349.972 Executing VM operation: RevokeBias done


Dynamic libraries:
0x00007ff66c420000 - 0x00007ff66c451000 	C:\Program Files\Android\Android Studio\jre\bin\java.exe
0x00007ff986390000 - 0x00007ff98657d000 	C:\WINDOWS\SYSTEM32\ntdll.dll
0x00007ff9848b0000 - 0x00007ff984963000 	C:\WINDOWS\System32\KERNEL32.DLL
0x00007ff982500000 - 0x00007ff982793000 	C:\WINDOWS\System32\KERNELBASE.dll
0x00007ff985ed0000 - 0x00007ff985f73000 	C:\WINDOWS\System32\ADVAPI32.dll
0x00007ff9837b0000 - 0x00007ff98384e000 	C:\WINDOWS\System32\msvcrt.dll
0x00007ff985ff0000 - 0x00007ff98608e000 	C:\WINDOWS\System32\sechost.dll
0x00007ff984750000 - 0x00007ff984872000 	C:\WINDOWS\System32\RPCRT4.dll
0x00007ff983880000 - 0x00007ff983a17000 	C:\WINDOWS\System32\USER32.dll
0x00007ff9835a0000 - 0x00007ff9835c0000 	C:\WINDOWS\System32\win32u.dll
0x00007ff984880000 - 0x00007ff9848a9000 	C:\WINDOWS\System32\GDI32.dll
0x00007ff982b30000 - 0x00007ff982cca000 	C:\WINDOWS\System32\gdi32full.dll
0x00007ff983500000 - 0x00007ff9835a0000 	C:\WINDOWS\System32\msvcp_win.dll
0x00007ff9827a0000 - 0x00007ff98289a000 	C:\WINDOWS\System32\ucrtbase.dll
0x00007ff973f60000 - 0x00007ff9741d9000 	C:\WINDOWS\WinSxS\amd64_microsoft.windows.common-controls_6595b64144ccf1df_6.0.17763.379_none_05b83be8071c94a1\COMCTL32.dll
0x00007ff983e20000 - 0x00007ff98414d000 	C:\WINDOWS\System32\combase.dll
0x00007ff982460000 - 0x00007ff9824de000 	C:\WINDOWS\System32\bcryptPrimitives.dll
0x00007ff983850000 - 0x00007ff98387e000 	C:\WINDOWS\System32\IMM32.DLL
0x000000005b7a0000 - 0x000000005b872000 	C:\Program Files\Android\Android Studio\jre\jre\bin\msvcr100.dll
0x000000005aba0000 - 0x000000005b3e1000 	C:\Program Files\Android\Android Studio\jre\jre\bin\server\jvm.dll
0x00007ff9837a0000 - 0x00007ff9837a8000 	C:\WINDOWS\System32\PSAPI.DLL
0x00007ff978000000 - 0x00007ff97800a000 	C:\WINDOWS\SYSTEM32\VERSION.dll
0x00007ff97d120000 - 0x00007ff97d129000 	C:\WINDOWS\SYSTEM32\WSOCK32.dll
0x00007ff977fd0000 - 0x00007ff977ff4000 	C:\WINDOWS\SYSTEM32\WINMM.dll
0x00007ff985f80000 - 0x00007ff985fed000 	C:\WINDOWS\System32\WS2_32.dll
0x00007ff977f80000 - 0x00007ff977fad000 	C:\WINDOWS\SYSTEM32\WINMMBASE.dll
0x00007ff9834b0000 - 0x00007ff9834fa000 	C:\WINDOWS\System32\cfgmgr32.dll
0x00007ff97cad0000 - 0x00007ff97cadf000 	C:\Program Files\Android\Android Studio\jre\jre\bin\verify.dll
0x00007ff9774c0000 - 0x00007ff9774e9000 	C:\Program Files\Android\Android Studio\jre\jre\bin\java.dll
0x00007ff9777d0000 - 0x00007ff9777e6000 	C:\Program Files\Android\Android Studio\jre\jre\bin\zip.dll
0x00007ff9849e0000 - 0x00007ff985ed0000 	C:\WINDOWS\System32\SHELL32.dll
0x00007ff983670000 - 0x00007ff983718000 	C:\WINDOWS\System32\shcore.dll
0x00007ff982d60000 - 0x00007ff9834aa000 	C:\WINDOWS\System32\windows.storage.dll
0x00007ff9823b0000 - 0x00007ff9823d4000 	C:\WINDOWS\System32\profapi.dll
0x00007ff982400000 - 0x00007ff98245d000 	C:\WINDOWS\System32\powrprof.dll
0x00007ff983bd0000 - 0x00007ff983c22000 	C:\WINDOWS\System32\shlwapi.dll
0x00007ff9823e0000 - 0x00007ff9823f1000 	C:\WINDOWS\System32\kernel.appcore.dll
0x00007ff9824e0000 - 0x00007ff9824f7000 	C:\WINDOWS\System32\cryptsp.dll
0x00007ff975b10000 - 0x00007ff975b2a000 	C:\Program Files\Android\Android Studio\jre\jre\bin\net.dll
0x00007ff981bb0000 - 0x00007ff981c17000 	C:\WINDOWS\system32\mswsock.dll
0x00007ff9735e0000 - 0x00007ff9735f1000 	C:\Program Files\Android\Android Studio\jre\jre\bin\nio.dll
0x00007ff97cd60000 - 0x00007ff97cd7e000 	C:\Users\neroo\.gradle\native\25\windows-amd64\native-platform.dll
0x00007ff97c3f0000 - 0x00007ff97c3fd000 	C:\Program Files\Android\Android Studio\jre\jre\bin\management.dll
0x00007ff981770000 - 0x00007ff9817a3000 	C:\WINDOWS\system32\rsaenh.dll
0x00007ff982d30000 - 0x00007ff982d56000 	C:\WINDOWS\System32\bcrypt.dll
0x00007ff9822c0000 - 0x00007ff9822e8000 	C:\WINDOWS\SYSTEM32\USERENV.dll
0x00007ff981d80000 - 0x00007ff981d8c000 	C:\WINDOWS\SYSTEM32\CRYPTBASE.dll
0x00007ff981910000 - 0x00007ff98194d000 	C:\WINDOWS\SYSTEM32\IPHLPAPI.DLL
0x00007ff9849d0000 - 0x00007ff9849d8000 	C:\WINDOWS\System32\NSI.dll
0x00007ff979a60000 - 0x00007ff979a76000 	C:\WINDOWS\SYSTEM32\dhcpcsvc6.DLL
0x00007ff979a40000 - 0x00007ff979a5c000 	C:\WINDOWS\SYSTEM32\dhcpcsvc.DLL
0x00007ff981950000 - 0x00007ff981a16000 	C:\WINDOWS\SYSTEM32\DNSAPI.dll
0x00007ff973270000 - 0x00007ff973294000 	C:\Program Files\Android\Android Studio\jre\jre\bin\sunec.dll
0x00007ff9784f0000 - 0x00007ff9784fa000 	C:\Windows\System32\rasadhlp.dll
0x00007ff9787f0000 - 0x00007ff978869000 	C:\WINDOWS\System32\fwpuclnt.dll
0x00007ff97bef0000 - 0x00007ff97befb000 	C:\Program Files\Android\Android Studio\jre\jre\bin\sunmscapi.dll
0x00007ff982950000 - 0x00007ff982b2b000 	C:\WINDOWS\System32\CRYPT32.dll
0x00007ff982390000 - 0x00007ff9823a2000 	C:\WINDOWS\System32\MSASN1.dll
0x00007ff9502f0000 - 0x00007ff950487000 	C:\Program Files\Android\Android Studio\jre\jre\bin\awt.dll
0x00007ff986130000 - 0x00007ff9861fb000 	C:\WINDOWS\System32\OLEAUT32.dll
0x00007ff97ea20000 - 0x00007ff97efde000 	C:\WINDOWS\SYSTEM32\d2d1.dll
0x00007ff97fe10000 - 0x00007ff97fe9c000 	C:\WINDOWS\SYSTEM32\apphelp.dll
0x00007ff980270000 - 0x00007ff98029e000 	C:\WINDOWS\system32\DWMAPI.DLL
0x00007ff9800a0000 - 0x00007ff98013c000 	C:\WINDOWS\system32\uxtheme.dll

VM Arguments:
jvm_args: -Xmx1536m -Dfile.encoding=windows-1252 -Duser.country=US -Duser.language=en -Duser.variant 
java_command: org.gradle.launcher.daemon.bootstrap.GradleDaemon 4.6
java_class_path (initial): C:\Users\neroo\.gradle\wrapper\dists\gradle-4.6-all\bcst21l2brirad8k2ben1letg\gradle-4.6\lib\gradle-launcher-4.6.jar
Launcher Type: SUN_STANDARD

Environment Variables:
PATH=C:\Program Files (x86)\Common Files\Intel\Shared Libraries\redist\intel64\compiler;C:\ProgramData\Oracle\Java\javapath;C:\WINDOWS\system32;C:\WINDOWS;C:\WINDOWS\System32\Wbem;C:\WINDOWS\System32\WindowsPowerShell\v1.0\;C:\Program Files\Microsoft SQL Server\130\Tools\Binn\;C:\WINDOWS\System32\OpenSSH\;C:\Program Files\Common Files\Autodesk Shared\;C:\Program Files\dotnet\;C:\Program Files\Git\cmd;C:\Users\neroo\AppData\Local\Microsoft\WindowsApps;C:\Users\neroo\AppData\Local\GitHubDesktop\bin;C:\Users\neroo\AppData\Local\Microsoft\WindowsApps;C:\Users\neroo\AppData\Local\Programs\Microsoft VS Code\bin;
USERNAME=neroo
OS=Windows_NT
PROCESSOR_IDENTIFIER=Intel64 Family 6 Model 61 Stepping 4, GenuineIntel



---------------  S Y S T E M  ---------------

OS: Windows 10.0 , 64 bit Build 17763 (10.0.17763.379)

CPU:total 4 (initial active 4) (2 cores per cpu, 2 threads per core) family 6 model 61 stepping 4, cmov, cx8, fxsr, mmx, sse, sse2, sse3, ssse3, sse4.1, sse4.2, popcnt, avx, avx2, aes, clmul, erms, rtm, 3dnowpref, lzcnt, ht, tsc, tscinvbit, bmi1, bmi2, adx

Memory: 4k page, physical 8288964k(641168k free), swap 8288964k(3820k free)

vm_info: OpenJDK 64-Bit Server VM (25.152-b06) for windows-amd64 JRE (1.8.0_152-release-1136-b06), built by "builder" with MS VC++ 10.0 (VS2010)

time: Sat Mar 23 22:35:04 2019
elapsed time: 6350 seconds (0d 1h 45m 50s)

