#
# There is insufficient memory for the Java Runtime Environment to continue.
# Native memory allocation (malloc) failed to allocate 1761136 bytes for Chunk::new
# Possible reasons:
#   The system is out of physical RAM or swap space
#   In 32 bit mode, the process size limit was hit
# Possible solutions:
#   Reduce memory load on the system
#   Increase physical memory or swap space
#   Check if swap backing store is full
#   Use 64 bit Java on a 64 bit OS
#   Decrease Java heap size (-Xmx/-Xms)
#   Decrease number of Java threads
#   Decrease Java thread stack sizes (-Xss)
#   Set larger code cache with -XX:ReservedCodeCacheSize=
# This output file may be truncated or incomplete.
#
#  Out of Memory Error (allocation.cpp:390), pid=4064, tid=0x0000000000001b90
#
# JRE version: OpenJDK Runtime Environment (8.0_152-b06) (build 1.8.0_152-release-1136-b06)
# Java VM: OpenJDK 64-Bit Server VM (25.152-b06 mixed mode windows-amd64 compressed oops)
# Failed to write core dump. Minidumps are not enabled by default on client versions of Windows
#

---------------  T H R E A D  ---------------

Current thread (0x00000000166d9000):  JavaThread "C2 CompilerThread0" daemon [_thread_in_native, id=7056, stack(0x0000000017d60000,0x0000000017e60000)]

Stack: [0x0000000017d60000,0x0000000017e60000]
[error occurred during error reporting (printing stack bounds), id 0xc0000005]

Native frames: (J=compiled Java code, j=interpreted, Vv=VM code, C=native code)


Current CompileTask:
C2: 152779 16136       4       com.android.tools.r8.ir.regalloc.LinearScanRegisterAllocator::computeDebugInfo (1176 bytes)


---------------  P R O C E S S  ---------------

Java Threads: ( => current thread )
  0x000000001ceee000 JavaThread "ForkJoinPool.commonPool-worker-0" daemon [_thread_in_Java, id=2612, stack(0x0000000026410000,0x0000000026510000)]
  0x000000001cee9000 JavaThread "ForkJoinPool.commonPool-worker-3" daemon [_thread_in_Java, id=2032, stack(0x0000000026310000,0x0000000026410000)]
  0x000000001ceed800 JavaThread "ForkJoinPool.commonPool-worker-2" daemon [_thread_in_native, id=12556, stack(0x0000000026210000,0x0000000026310000)]
  0x000000001ceea800 JavaThread "Cache worker for Java compile cache (C:\Users\neroo\Desktop\professional potatoes\IBMHack\.gradle\4.6\javaCompile)" [_thread_blocked, id=6028, stack(0x0000000026110000,0x0000000026210000)]
  0x000000001ceef800 JavaThread "stdout" [_thread_in_native, id=3512, stack(0x0000000026010000,0x0000000026110000)]
  0x000000001ceeb000 JavaThread "stderr" [_thread_in_native, id=6100, stack(0x0000000025f10000,0x0000000026010000)]
  0x000000001815e000 JavaThread "pool-6-thread-1" [_thread_blocked, id=9336, stack(0x0000000025e10000,0x0000000025f10000)]
  0x000000001815c800 JavaThread "Task worker for ':' Thread 3" [_thread_blocked, id=3348, stack(0x0000000025d10000,0x0000000025e10000)]
  0x0000000018159800 JavaThread "Task worker for ':' Thread 2" [_thread_blocked, id=9496, stack(0x0000000025c10000,0x0000000025d10000)]
  0x0000000018157800 JavaThread "Task worker for ':'" [_thread_blocked, id=5952, stack(0x0000000025b10000,0x0000000025c10000)]
  0x000000001815a800 JavaThread "Cache worker for Build Output Cleanup Cache (C:\Users\neroo\Desktop\professional potatoes\IBMHack\.gradle\buildOutputCleanup)" [_thread_blocked, id=32, stack(0x0000000025a10000,0x0000000025b10000)]
  0x000000001815c000 JavaThread "Cache worker for task history cache (C:\Users\neroo\Desktop\professional potatoes\IBMHack\.gradle\4.6\taskHistory)" [_thread_blocked, id=3592, stack(0x0000000025910000,0x0000000025a10000)]
  0x000000001815b000 JavaThread "Cache worker for file content cache (C:\Users\neroo\Desktop\professional potatoes\IBMHack\.gradle\4.6\fileContent)" [_thread_blocked, id=8484, stack(0x0000000025810000,0x0000000025910000)]
  0x0000000018159000 JavaThread "Build operations Thread 4" [_thread_blocked, id=10984, stack(0x0000000025710000,0x0000000025810000)]
  0x000000001815d800 JavaThread "Build operations Thread 3" [_thread_blocked, id=11136, stack(0x0000000025610000,0x0000000025710000)]
  0x0000000018158000 JavaThread "Build operations Thread 2" [_thread_blocked, id=2204, stack(0x0000000025510000,0x0000000025610000)]
  0x0000000018150000 JavaThread "Build operations" [_thread_blocked, id=4036, stack(0x0000000025410000,0x0000000025510000)]
  0x0000000018152000 JavaThread "Cache worker for Artifact transforms cache (C:\Users\neroo\.gradle\caches\transforms-1)" [_thread_blocked, id=10752, stack(0x0000000025310000,0x0000000025410000)]
  0x0000000018150800 JavaThread "Cache worker for file hash cache (C:\Users\neroo\Desktop\professional potatoes\IBMHack\.gradle\4.6\fileHashes)" [_thread_blocked, id=10712, stack(0x0000000025210000,0x0000000025310000)]
  0x0000000018151800 JavaThread "Stdin handler" [_thread_blocked, id=8900, stack(0x0000000025110000,0x0000000025210000)]
  0x0000000018156800 JavaThread "Asynchronous log dispatcher for DefaultDaemonConnection: socket connection from /127.0.0.1:58803 to /127.0.0.1:58819" [_thread_blocked, id=2352, stack(0x0000000025010000,0x0000000025110000)]
  0x000000001814f000 JavaThread "Daemon worker Thread 2" [_thread_blocked, id=12776, stack(0x0000000024f10000,0x0000000025010000)]
  0x0000000018153800 JavaThread "Cancel handler" [_thread_blocked, id=1596, stack(0x0000000024e10000,0x0000000024f10000)]
  0x0000000018153000 JavaThread "Handler for socket connection from /127.0.0.1:58803 to /127.0.0.1:58819" [_thread_in_native, id=7932, stack(0x0000000024d10000,0x0000000024e10000)]
  0x0000000018155000 JavaThread "Daemon Thread 2" [_thread_blocked, id=4812, stack(0x0000000024c10000,0x0000000024d10000)]
  0x0000000018156000 JavaThread "pool-1-thread-1" [_thread_blocked, id=9940, stack(0x0000000022f10000,0x0000000023010000)]
  0x000000001cee9800 JavaThread "Memory manager" [_thread_blocked, id=11368, stack(0x0000000020ce0000,0x0000000020de0000)]
  0x000000001997c800 JavaThread "File lock request listener" [_thread_in_native, id=8164, stack(0x000000001b1b0000,0x000000001b2b0000)]
  0x00000000199c8800 JavaThread "Cache worker for file hash cache (C:\Users\neroo\.gradle\caches\4.6\fileHashes)" [_thread_blocked, id=10616, stack(0x000000001b0b0000,0x000000001b1b0000)]
  0x000000001960c800 JavaThread "Daemon periodic checks" [_thread_blocked, id=4452, stack(0x000000001a5b0000,0x000000001a6b0000)]
  0x00000000195e3000 JavaThread "Incoming local TCP Connector on port 58803" [_thread_in_native, id=9772, stack(0x000000001a370000,0x000000001a470000)]
  0x0000000018081800 JavaThread "Service Thread" daemon [_thread_blocked, id=10048, stack(0x0000000018460000,0x0000000018560000)]
  0x00000000166d3000 JavaThread "C1 CompilerThread2" daemon [_thread_blocked, id=12272, stack(0x0000000017f60000,0x0000000018060000)]
  0x00000000166cb000 JavaThread "C2 CompilerThread1" daemon [_thread_in_native, id=4040, stack(0x0000000017e60000,0x0000000017f60000)]
=>0x00000000166d9000 JavaThread "C2 CompilerThread0" daemon [_thread_in_native, id=7056, stack(0x0000000017d60000,0x0000000017e60000)]
  0x00000000166d6800 JavaThread "Attach Listener" daemon [_thread_blocked, id=10896, stack(0x0000000017c60000,0x0000000017d60000)]
  0x00000000166d5800 JavaThread "Signal Dispatcher" daemon [_thread_blocked, id=2704, stack(0x0000000017b60000,0x0000000017c60000)]
  0x00000000166be000 JavaThread "Finalizer" daemon [_thread_blocked, id=8764, stack(0x0000000017950000,0x0000000017a50000)]
  0x0000000002d23000 JavaThread "Reference Handler" daemon [_thread_blocked, id=9092, stack(0x0000000017850000,0x0000000017950000)]
  0x000000000136d800 JavaThread "main" [_thread_blocked, id=3488, stack(0x0000000002b30000,0x0000000002c30000)]

Other Threads:
  0x0000000016695800 VMThread [stack: 0x0000000017750000,0x0000000017850000] [id=7284]
  0x000000001672c000 WatcherThread [stack: 0x0000000018560000,0x0000000018660000] [id=4364]

VM state:not at safepoint (normal execution)

VM Mutex/Monitor currently owned by a thread: None

Heap:
 PSYoungGen      total 302080K, used 43773K [0x00000000e0000000, 0x00000000f5300000, 0x0000000100000000)
  eden space 279040K, 13% used [0x00000000e0000000,0x00000000e23c90d0,0x00000000f1080000)
  from space 23040K, 30% used [0x00000000f2580000,0x00000000f2c764a8,0x00000000f3c00000)
  to   space 21504K, 0% used [0x00000000f1080000,0x00000000f1080000,0x00000000f2580000)
 ParOldGen       total 145920K, used 79244K [0x00000000a0000000, 0x00000000a8e80000, 0x00000000e0000000)
  object space 145920K, 54% used [0x00000000a0000000,0x00000000a4d630f0,0x00000000a8e80000)
 Metaspace       used 83663K, capacity 87310K, committed 87552K, reserved 1124352K
  class space    used 10845K, capacity 11677K, committed 11776K, reserved 1048576K

Card table byte_map: [0x0000000012100000,0x0000000012410000] byte_map_base: 0x0000000011c00000

Marking Bits: (ParMarkBitMap*) 0x000000005b365aa0
 Begin Bits: [0x0000000012a10000, 0x0000000014210000)
 End Bits:   [0x0000000014210000, 0x0000000015a10000)

Polling page: 0x0000000001350000

CodeCache: size=245760Kb used=44444Kb max_used=44444Kb free=201315Kb
 bounds [0x0000000002d40000, 0x00000000058e0000, 0x0000000011d40000]
 total_blobs=14588 nmethods=13745 adapters=752
 compilation: enabled

Compilation events (10 events):
Event: 152.697 Thread 0x00000000166d3000 16330       1       com.android.build.gradle.internal.transforms.DexArchiveBuilderTransform$DexConversionParameters::access$1500 (5 bytes)
Event: 152.698 Thread 0x00000000166d3000 nmethod 16330 0x00000000058d4b50 code [0x00000000058d4ca0, 0x00000000058d4d90]
Event: 152.698 Thread 0x00000000166d3000 16331       1       com.android.build.gradle.internal.transforms.DexArchiveBuilderTransform$DexConversionParameters::access$1600 (5 bytes)
Event: 152.698 Thread 0x00000000166d3000 nmethod 16331 0x00000000058d4e10 code [0x00000000058d4f60, 0x00000000058d5050]
Event: 152.698 Thread 0x00000000166d3000 16332       1       com.android.builder.dexing.D8DexArchiveBuilder::access$000 (5 bytes)
Event: 152.698 Thread 0x00000000166d3000 nmethod 16332 0x00000000058d50d0 code [0x00000000058d5220, 0x00000000058d5310]
Event: 152.698 Thread 0x00000000166d3000 16333       1       com.android.tools.r8.utils.AndroidApp$Builder::getReporter (5 bytes)
Event: 152.698 Thread 0x00000000166d3000 nmethod 16333 0x00000000058d5390 code [0x00000000058d54e0, 0x00000000058d55f0]
Event: 152.716 Thread 0x00000000166d3000 16335       2       com.android.tools.r8.ir.conversion.JarSourceCode::updateState (9 bytes)
Event: 152.717 Thread 0x00000000166d3000 nmethod 16335 0x00000000058d5650 code [0x00000000058d57c0, 0x00000000058d5928]

GC Heap History (10 events):
Event: 139.692 GC heap before
{Heap before GC invocations=25 (full 3):
 PSYoungGen      total 268800K, used 249791K [0x00000000e0000000, 0x00000000f3e00000, 0x0000000100000000)
  eden space 242688K, 100% used [0x00000000e0000000,0x00000000eed00000,0x00000000eed00000)
  from space 26112K, 27% used [0x00000000eed00000,0x00000000ef3effc8,0x00000000f0680000)
  to   space 25088K, 0% used [0x00000000f2580000,0x00000000f2580000,0x00000000f3e00000)
 ParOldGen       total 145920K, used 79220K [0x00000000a0000000, 0x00000000a8e80000, 0x00000000e0000000)
  object space 145920K, 54% used [0x00000000a0000000,0x00000000a4d5d0f0,0x00000000a8e80000)
 Metaspace       used 83508K, capacity 87234K, committed 87552K, reserved 1124352K
  class space    used 10843K, capacity 11675K, committed 11776K, reserved 1048576K
Event: 139.737 GC heap after
Heap after GC invocations=25 (full 3):
 PSYoungGen      total 297472K, used 8436K [0x00000000e0000000, 0x00000000f3c00000, 0x0000000100000000)
  eden space 274432K, 0% used [0x00000000e0000000,0x00000000e0000000,0x00000000f0c00000)
  from space 23040K, 36% used [0x00000000f2580000,0x00000000f2dbd3f8,0x00000000f3c00000)
  to   space 24576K, 0% used [0x00000000f0c00000,0x00000000f0c00000,0x00000000f2400000)
 ParOldGen       total 145920K, used 79228K [0x00000000a0000000, 0x00000000a8e80000, 0x00000000e0000000)
  object space 145920K, 54% used [0x00000000a0000000,0x00000000a4d5f0f0,0x00000000a8e80000)
 Metaspace       used 83508K, capacity 87234K, committed 87552K, reserved 1124352K
  class space    used 10843K, capacity 11675K, committed 11776K, reserved 1048576K
}
Event: 142.111 GC heap before
{Heap before GC invocations=26 (full 3):
 PSYoungGen      total 297472K, used 282868K [0x00000000e0000000, 0x00000000f3c00000, 0x0000000100000000)
  eden space 274432K, 100% used [0x00000000e0000000,0x00000000f0c00000,0x00000000f0c00000)
  from space 23040K, 36% used [0x00000000f2580000,0x00000000f2dbd3f8,0x00000000f3c00000)
  to   space 24576K, 0% used [0x00000000f0c00000,0x00000000f0c00000,0x00000000f2400000)
 ParOldGen       total 145920K, used 79228K [0x00000000a0000000, 0x00000000a8e80000, 0x00000000e0000000)
  object space 145920K, 54% used [0x00000000a0000000,0x00000000a4d5f0f0,0x00000000a8e80000)
 Metaspace       used 83542K, capacity 87242K, committed 87552K, reserved 1124352K
  class space    used 10843K, capacity 11675K, committed 11776K, reserved 1048576K
Event: 142.186 GC heap after
Heap after GC invocations=26 (full 3):
 PSYoungGen      total 299008K, used 8323K [0x00000000e0000000, 0x00000000f3c00000, 0x0000000100000000)
  eden space 274432K, 0% used [0x00000000e0000000,0x00000000e0000000,0x00000000f0c00000)
  from space 24576K, 33% used [0x00000000f0c00000,0x00000000f1420cb8,0x00000000f2400000)
  to   space 23040K, 0% used [0x00000000f2580000,0x00000000f2580000,0x00000000f3c00000)
 ParOldGen       total 145920K, used 79236K [0x00000000a0000000, 0x00000000a8e80000, 0x00000000e0000000)
  object space 145920K, 54% used [0x00000000a0000000,0x00000000a4d610f0,0x00000000a8e80000)
 Metaspace       used 83542K, capacity 87242K, committed 87552K, reserved 1124352K
  class space    used 10843K, capacity 11675K, committed 11776K, reserved 1048576K
}
Event: 144.620 GC heap before
{Heap before GC invocations=27 (full 3):
 PSYoungGen      total 299008K, used 282755K [0x00000000e0000000, 0x00000000f3c00000, 0x0000000100000000)
  eden space 274432K, 100% used [0x00000000e0000000,0x00000000f0c00000,0x00000000f0c00000)
  from space 24576K, 33% used [0x00000000f0c00000,0x00000000f1420cb8,0x00000000f2400000)
  to   space 23040K, 0% used [0x00000000f2580000,0x00000000f2580000,0x00000000f3c00000)
 ParOldGen       total 145920K, used 79236K [0x00000000a0000000, 0x00000000a8e80000, 0x00000000e0000000)
  object space 145920K, 54% used [0x00000000a0000000,0x00000000a4d610f0,0x00000000a8e80000)
 Metaspace       used 83563K, capacity 87242K, committed 87552K, reserved 1124352K
  class space    used 10843K, capacity 11675K, committed 11776K, reserved 1048576K
Event: 144.741 GC heap after
Heap after GC invocations=27 (full 3):
 PSYoungGen      total 297472K, used 7342K [0x00000000e0000000, 0x00000000f3c00000, 0x0000000100000000)
  eden space 274432K, 0% used [0x00000000e0000000,0x00000000e0000000,0x00000000f0c00000)
  from space 23040K, 31% used [0x00000000f2580000,0x00000000f2cab9f8,0x00000000f3c00000)
  to   space 24576K, 0% used [0x00000000f0c00000,0x00000000f0c00000,0x00000000f2400000)
 ParOldGen       total 145920K, used 79236K [0x00000000a0000000, 0x00000000a8e80000, 0x00000000e0000000)
  object space 145920K, 54% used [0x00000000a0000000,0x00000000a4d610f0,0x00000000a8e80000)
 Metaspace       used 83563K, capacity 87242K, committed 87552K, reserved 1124352K
  class space    used 10843K, capacity 11675K, committed 11776K, reserved 1048576K
}
Event: 148.737 GC heap before
{Heap before GC invocations=28 (full 3):
 PSYoungGen      total 297472K, used 281774K [0x00000000e0000000, 0x00000000f3c00000, 0x0000000100000000)
  eden space 274432K, 100% used [0x00000000e0000000,0x00000000f0c00000,0x00000000f0c00000)
  from space 23040K, 31% used [0x00000000f2580000,0x00000000f2cab9f8,0x00000000f3c00000)
  to   space 24576K, 0% used [0x00000000f0c00000,0x00000000f0c00000,0x00000000f2400000)
 ParOldGen       total 145920K, used 79236K [0x00000000a0000000, 0x00000000a8e80000, 0x00000000e0000000)
  object space 145920K, 54% used [0x00000000a0000000,0x00000000a4d610f0,0x00000000a8e80000)
 Metaspace       used 83601K, capacity 87308K, committed 87552K, reserved 1124352K
  class space    used 10844K, capacity 11676K, committed 11776K, reserved 1048576K
Event: 148.777 GC heap after
Heap after GC invocations=28 (full 3):
 PSYoungGen      total 299008K, used 7817K [0x00000000e0000000, 0x00000000f3c00000, 0x0000000100000000)
  eden space 274432K, 0% used [0x00000000e0000000,0x00000000e0000000,0x00000000f0c00000)
  from space 24576K, 31% used [0x00000000f0c00000,0x00000000f13a2498,0x00000000f2400000)
  to   space 23040K, 0% used [0x00000000f2580000,0x00000000f2580000,0x00000000f3c00000)
 ParOldGen       total 145920K, used 79236K [0x00000000a0000000, 0x00000000a8e80000, 0x00000000e0000000)
  object space 145920K, 54% used [0x00000000a0000000,0x00000000a4d610f0,0x00000000a8e80000)
 Metaspace       used 83601K, capacity 87308K, committed 87552K, reserved 1124352K
  class space    used 10844K, capacity 11676K, committed 11776K, reserved 1048576K
}
Event: 152.360 GC heap before
{Heap before GC invocations=29 (full 3):
 PSYoungGen      total 299008K, used 282249K [0x00000000e0000000, 0x00000000f3c00000, 0x0000000100000000)
  eden space 274432K, 100% used [0x00000000e0000000,0x00000000f0c00000,0x00000000f0c00000)
  from space 24576K, 31% used [0x00000000f0c00000,0x00000000f13a2498,0x00000000f2400000)
  to   space 23040K, 0% used [0x00000000f2580000,0x00000000f2580000,0x00000000f3c00000)
 ParOldGen       total 145920K, used 79236K [0x00000000a0000000, 0x00000000a8e80000, 0x00000000e0000000)
  object space 145920K, 54% used [0x00000000a0000000,0x00000000a4d610f0,0x00000000a8e80000)
 Metaspace       used 83652K, capacity 87310K, committed 87552K, reserved 1124352K
  class space    used 10845K, capacity 11677K, committed 11776K, reserved 1048576K
Event: 152.396 GC heap after
Heap after GC invocations=29 (full 3):
 PSYoungGen      total 302080K, used 7129K [0x00000000e0000000, 0x00000000f5300000, 0x0000000100000000)
  eden space 279040K, 0% used [0x00000000e0000000,0x00000000e0000000,0x00000000f1080000)
  from space 23040K, 30% used [0x00000000f2580000,0x00000000f2c764a8,0x00000000f3c00000)
  to   space 21504K, 0% used [0x00000000f1080000,0x00000000f1080000,0x00000000f2580000)
 ParOldGen       total 145920K, used 79244K [0x00000000a0000000, 0x00000000a8e80000, 0x00000000e0000000)
  object space 145920K, 54% used [0x00000000a0000000,0x00000000a4d630f0,0x00000000a8e80000)
 Metaspace       used 83652K, capacity 87310K, committed 87552K, reserved 1124352K
  class space    used 10845K, capacity 11677K, committed 11776K, reserved 1048576K
}

Deoptimization events (10 events):
Event: 138.389 Thread 0x000000001cee9000 Uncommon trap: reason=unstable_if action=reinterpret pc=0x0000000004ee15f8 method=com.android.tools.r8.graph.DexString.decode()Ljava/lang/String; @ 53
Event: 138.391 Thread 0x000000001cee9000 Uncommon trap: reason=unstable_if action=reinterpret pc=0x00000000056d6990 method=com.android.tools.r8.graph.DexString.slowCompareTo(Lcom/android/tools/r8/graph/DexString;)I @ 54
Event: 139.302 Thread 0x000000001ceee000 Uncommon trap: reason=unstable_if action=reinterpret pc=0x000000000566bc50 method=com.android.tools.r8.ir.conversion.JarState.getOutgoingLocalInfoForRegister(I)Lcom/android/tools/r8/graph/DebugLocalInfo; @ 56
Event: 140.325 Thread 0x000000001cee9000 Uncommon trap: reason=unstable_if action=reinterpret pc=0x000000000579cbd0 method=com.android.tools.r8.ir.regalloc.LinearScanRegisterAllocator.overlapsMoveExceptionInterval(Lcom/android/tools/r8/ir/regalloc/LiveIntervals;)Z @ 21
Event: 140.991 Thread 0x000000001cee9000 Uncommon trap: reason=unstable_if action=reinterpret pc=0x0000000004f402f8 method=com.android.tools.r8.graph.DexString.slowCompareTo(Lcom/android/tools/r8/graph/DexString;)I @ 80
Event: 143.129 Thread 0x000000001cee9000 Uncommon trap: reason=class_check action=maybe_recompile pc=0x00000000055f1180 method=com.android.tools.r8.ir.optimize.CodeRewriter.rewriteMoveResult(Lcom/android/tools/r8/ir/code/IRCode;)V @ 130
Event: 147.842 Thread 0x000000001ceed800 Uncommon trap: reason=unstable_if action=reinterpret pc=0x00000000041e12e8 method=com.android.tools.r8.ir.optimize.PeepholeOptimizer.removeWideConstantCovering(Ljava/util/Map;I)V @ 27
Event: 147.868 Thread 0x000000001ceed800 Uncommon trap: reason=unstable_if action=reinterpret pc=0x0000000004f6c6f8 method=com.android.tools.r8.ir.optimize.PeepholeOptimizer.removeWideConstantCovering(Ljava/util/Map;I)V @ 27
Event: 149.040 Thread 0x000000001ceed800 Uncommon trap: reason=unstable_if action=reinterpret pc=0x0000000005577b18 method=com.android.tools.r8.ir.conversion.JarSourceCode.getTryHandlers(Lcom/android/tools/r8/org/objectweb/asm/tree/AbstractInsnNode;)Ljava/util/List; @ 80
Event: 149.049 Thread 0x000000001ceed800 Uncommon trap: reason=unstable_if action=reinterpret pc=0x00000000056315e8 method=com.android.tools.r8.ir.conversion.JarSourceCode.getTryHandlers(Lcom/android/tools/r8/org/objectweb/asm/tree/AbstractInsnNode;)Ljava/util/List; @ 80

Classes redefined (0 events):
No events

Internal exceptions (10 events):
Event: 111.272 Thread 0x000000001814f000 Exception <a 'java/lang/NoSuchMethodError': <clinit>> (0x00000000e10915e8) thrown at [D:\src\AOSP-openjdk-cygwin\jdk8u\hotspot\src\share\vm\prims\jni.cpp, line 1613]
Event: 111.272 Thread 0x000000001814f000 Exception <a 'java/lang/NoSuchMethodError': <clinit>> (0x00000000e10930f0) thrown at [D:\src\AOSP-openjdk-cygwin\jdk8u\hotspot\src\share\vm\prims\jni.cpp, line 1613]
Event: 111.272 Thread 0x000000001814f000 Exception <a 'java/lang/NoSuchMethodError': <clinit>> (0x00000000e10948c0) thrown at [D:\src\AOSP-openjdk-cygwin\jdk8u\hotspot\src\share\vm\prims\jni.cpp, line 1613]
Event: 111.460 Thread 0x000000001814f000 Exception <a 'sun/nio/fs/WindowsException'> (0x00000000e182ef90) thrown at [D:\src\AOSP-openjdk-cygwin\jdk8u\hotspot\src\share\vm\prims\jni.cpp, line 709]
Event: 118.612 Thread 0x0000000018159800 Implicit null exception at 0x0000000004b690d4 to 0x0000000004b69571
Event: 122.222 Thread 0x0000000018157800 Exception <a 'sun/nio/fs/WindowsException'> (0x00000000e3d5a5b0) thrown at [D:\src\AOSP-openjdk-cygwin\jdk8u\hotspot\src\share\vm\prims\jni.cpp, line 709]
Event: 122.283 Thread 0x000000001cee9000 Exception <a 'java/lang/NoSuchMethodError': java.lang.Object.lambda$and$0(Ljava/util/function/Predicate;Ljava/lang/Object;)Z> (0x00000000e40fe888) thrown at [D:\src\AOSP-openjdk-cygwin\jdk8u\hotspot\src\share\vm\interpreter\linkResolver.cpp, line 584]
Event: 122.288 Thread 0x000000001ceee000 Exception <a 'java/lang/NoSuchMethodError': java.lang.Object.lambda$and$0(Ljava/util/function/Predicate;Ljava/lang/Object;)Z> (0x00000000e40cc7f0) thrown at [D:\src\AOSP-openjdk-cygwin\jdk8u\hotspot\src\share\vm\interpreter\linkResolver.cpp, line 584]
Event: 122.292 Thread 0x000000001ceee000 Exception <a 'java/lang/NoSuchMethodError': java.lang.Object.lambda$static$0(Ljava/lang/String;)Z> (0x00000000e40d93b0) thrown at [D:\src\AOSP-openjdk-cygwin\jdk8u\hotspot\src\share\vm\interpreter\linkResolver.cpp, line 584]
Event: 122.299 Thread 0x000000001ceed800 Exception <a 'java/lang/NoSuchMethodError': java.lang.Object.lambda$and$0(Ljava/util/function/Predicate;Ljava/lang/Object;)Z> (0x00000000e4038800) thrown at [D:\src\AOSP-openjdk-cygwin\jdk8u\hotspot\src\share\vm\interpreter\linkResolver.cpp, line 584]

Events (10 events):
Event: 152.481 Thread 0x000000001ceed800 DEOPT PACKING pc=0x00000000051402a1 sp=0x000000002630e450
Event: 152.482 Thread 0x000000001ceed800 DEOPT UNPACKING pc=0x0000000002d875d0 sp=0x000000002630e280 mode 0
Event: 152.512 Thread 0x000000001ceed800 DEOPT PACKING pc=0x00000000050f2f61 sp=0x000000002630e200
Event: 152.512 Thread 0x000000001ceed800 DEOPT UNPACKING pc=0x0000000002d875d0 sp=0x000000002630e010 mode 0
Event: 152.518 Thread 0x000000001ceed800 DEOPT PACKING pc=0x000000000525d531 sp=0x000000002630e340
Event: 152.518 Thread 0x000000001ceed800 DEOPT UNPACKING pc=0x0000000002d875d0 sp=0x000000002630e068 mode 0
Event: 152.682 Thread 0x000000001cee9000 DEOPT PACKING pc=0x00000000051402a1 sp=0x000000002640dfa0
Event: 152.682 Thread 0x000000001cee9000 DEOPT UNPACKING pc=0x0000000002d875d0 sp=0x000000002640ddd0 mode 0
Event: 152.715 Thread 0x000000001ceee000 DEOPT PACKING pc=0x000000000525d531 sp=0x000000002650e310
Event: 152.715 Thread 0x000000001ceee000 DEOPT UNPACKING pc=0x0000000002d875d0 sp=0x000000002650e038 mode 0


Dynamic libraries:
0x00007ff66c420000 - 0x00007ff66c451000 	C:\Program Files\Android\Android Studio\jre\bin\java.exe
0x00007ff986390000 - 0x00007ff98657d000 	C:\WINDOWS\SYSTEM32\ntdll.dll
0x00007ff9848b0000 - 0x00007ff984963000 	C:\WINDOWS\System32\KERNEL32.DLL
0x00007ff982500000 - 0x00007ff982793000 	C:\WINDOWS\System32\KERNELBASE.dll
0x00007ff985ed0000 - 0x00007ff985f73000 	C:\WINDOWS\System32\ADVAPI32.dll
0x00007ff9837b0000 - 0x00007ff98384e000 	C:\WINDOWS\System32\msvcrt.dll
0x00007ff985ff0000 - 0x00007ff98608e000 	C:\WINDOWS\System32\sechost.dll
0x00007ff984750000 - 0x00007ff984872000 	C:\WINDOWS\System32\RPCRT4.dll
0x00007ff983880000 - 0x00007ff983a17000 	C:\WINDOWS\System32\USER32.dll
0x00007ff9835a0000 - 0x00007ff9835c0000 	C:\WINDOWS\System32\win32u.dll
0x00007ff984880000 - 0x00007ff9848a9000 	C:\WINDOWS\System32\GDI32.dll
0x00007ff982b30000 - 0x00007ff982cca000 	C:\WINDOWS\System32\gdi32full.dll
0x00007ff983500000 - 0x00007ff9835a0000 	C:\WINDOWS\System32\msvcp_win.dll
0x00007ff9827a0000 - 0x00007ff98289a000 	C:\WINDOWS\System32\ucrtbase.dll
0x00007ff973f60000 - 0x00007ff9741d9000 	C:\WINDOWS\WinSxS\amd64_microsoft.windows.common-controls_6595b64144ccf1df_6.0.17763.379_none_05b83be8071c94a1\COMCTL32.dll
0x00007ff983e20000 - 0x00007ff98414d000 	C:\WINDOWS\System32\combase.dll
0x00007ff982460000 - 0x00007ff9824de000 	C:\WINDOWS\System32\bcryptPrimitives.dll
0x00007ff983850000 - 0x00007ff98387e000 	C:\WINDOWS\System32\IMM32.DLL
0x000000005b7a0000 - 0x000000005b872000 	C:\Program Files\Android\Android Studio\jre\jre\bin\msvcr100.dll
0x000000005aba0000 - 0x000000005b3e1000 	C:\Program Files\Android\Android Studio\jre\jre\bin\server\jvm.dll
0x00007ff9837a0000 - 0x00007ff9837a8000 	C:\WINDOWS\System32\PSAPI.DLL
0x00007ff977fd0000 - 0x00007ff977ff4000 	C:\WINDOWS\SYSTEM32\WINMM.dll
0x00007ff97d120000 - 0x00007ff97d129000 	C:\WINDOWS\SYSTEM32\WSOCK32.dll
0x00007ff978000000 - 0x00007ff97800a000 	C:\WINDOWS\SYSTEM32\VERSION.dll
0x00007ff985f80000 - 0x00007ff985fed000 	C:\WINDOWS\System32\WS2_32.dll
0x00007ff977f80000 - 0x00007ff977fad000 	C:\WINDOWS\SYSTEM32\winmmbase.dll
0x00007ff9834b0000 - 0x00007ff9834fa000 	C:\WINDOWS\System32\cfgmgr32.dll
0x00007ff97cad0000 - 0x00007ff97cadf000 	C:\Program Files\Android\Android Studio\jre\jre\bin\verify.dll
0x00007ff9774c0000 - 0x00007ff9774e9000 	C:\Program Files\Android\Android Studio\jre\jre\bin\java.dll
0x00007ff9777d0000 - 0x00007ff9777e6000 	C:\Program Files\Android\Android Studio\jre\jre\bin\zip.dll
0x00007ff9849e0000 - 0x00007ff985ed0000 	C:\WINDOWS\System32\SHELL32.dll
0x00007ff983670000 - 0x00007ff983718000 	C:\WINDOWS\System32\shcore.dll
0x00007ff982d60000 - 0x00007ff9834aa000 	C:\WINDOWS\System32\windows.storage.dll
0x00007ff9823b0000 - 0x00007ff9823d4000 	C:\WINDOWS\System32\profapi.dll
0x00007ff982400000 - 0x00007ff98245d000 	C:\WINDOWS\System32\powrprof.dll
0x00007ff983bd0000 - 0x00007ff983c22000 	C:\WINDOWS\System32\shlwapi.dll
0x00007ff9823e0000 - 0x00007ff9823f1000 	C:\WINDOWS\System32\kernel.appcore.dll
0x00007ff9824e0000 - 0x00007ff9824f7000 	C:\WINDOWS\System32\cryptsp.dll
0x00007ff975b10000 - 0x00007ff975b2a000 	C:\Program Files\Android\Android Studio\jre\jre\bin\net.dll
0x00007ff981bb0000 - 0x00007ff981c17000 	C:\WINDOWS\system32\mswsock.dll
0x00007ff9735e0000 - 0x00007ff9735f1000 	C:\Program Files\Android\Android Studio\jre\jre\bin\nio.dll
0x00007ff97cd60000 - 0x00007ff97cd7e000 	C:\Users\neroo\.gradle\native\25\windows-amd64\native-platform.dll
0x00007ff97c3f0000 - 0x00007ff97c3fd000 	C:\Program Files\Android\Android Studio\jre\jre\bin\management.dll
0x00007ff981770000 - 0x00007ff9817a3000 	C:\WINDOWS\system32\rsaenh.dll
0x00007ff982d30000 - 0x00007ff982d56000 	C:\WINDOWS\System32\bcrypt.dll
0x00007ff9822c0000 - 0x00007ff9822e8000 	C:\WINDOWS\SYSTEM32\USERENV.dll
0x00007ff981d80000 - 0x00007ff981d8c000 	C:\WINDOWS\SYSTEM32\CRYPTBASE.dll
0x00007ff981910000 - 0x00007ff98194d000 	C:\WINDOWS\SYSTEM32\IPHLPAPI.DLL
0x00007ff9849d0000 - 0x00007ff9849d8000 	C:\WINDOWS\System32\NSI.dll
0x00007ff979a60000 - 0x00007ff979a76000 	C:\WINDOWS\SYSTEM32\dhcpcsvc6.DLL
0x00007ff979a40000 - 0x00007ff979a5c000 	C:\WINDOWS\SYSTEM32\dhcpcsvc.DLL
0x00007ff981950000 - 0x00007ff981a16000 	C:\WINDOWS\SYSTEM32\DNSAPI.dll

VM Arguments:
jvm_args: -Xmx1536m -Dfile.encoding=windows-1252 -Duser.country=US -Duser.language=en -Duser.variant 
java_command: org.gradle.launcher.daemon.bootstrap.GradleDaemon 4.6
java_class_path (initial): C:\Users\neroo\.gradle\wrapper\dists\gradle-4.6-all\bcst21l2brirad8k2ben1letg\gradle-4.6\lib\gradle-launcher-4.6.jar
Launcher Type: SUN_STANDARD

Environment Variables:
PATH=C:\Program Files (x86)\Common Files\Intel\Shared Libraries\redist\intel64\compiler;C:\ProgramData\Oracle\Java\javapath;C:\WINDOWS\system32;C:\WINDOWS;C:\WINDOWS\System32\Wbem;C:\WINDOWS\System32\WindowsPowerShell\v1.0\;C:\Program Files\Microsoft SQL Server\130\Tools\Binn\;C:\WINDOWS\System32\OpenSSH\;C:\Program Files\Common Files\Autodesk Shared\;C:\Program Files\dotnet\;C:\Program Files\Git\cmd;C:\Users\neroo\AppData\Local\Microsoft\WindowsApps;C:\Users\neroo\AppData\Local\GitHubDesktop\bin;C:\Users\neroo\AppData\Local\Microsoft\WindowsApps;C:\Users\neroo\AppData\Local\Programs\Microsoft VS Code\bin;
USERNAME=neroo
OS=Windows_NT
PROCESSOR_IDENTIFIER=Intel64 Family 6 Model 61 Stepping 4, GenuineIntel



---------------  S Y S T E M  ---------------

OS: Windows 10.0 , 64 bit Build 17763 (10.0.17763.379)

CPU:total 4 (initial active 4) (2 cores per cpu, 2 threads per core) family 6 model 61 stepping 4, cmov, cx8, fxsr, mmx, sse, sse2, sse3, ssse3, sse4.1, sse4.2, popcnt, avx, avx2, aes, clmul, erms, rtm, 3dnowpref, lzcnt, ht, tsc, tscinvbit, bmi1, bmi2, adx

Memory: 4k page, physical 8288964k(662396k free), swap 8288964k(6672k free)

vm_info: OpenJDK 64-Bit Server VM (25.152-b06) for windows-amd64 JRE (1.8.0_152-release-1136-b06), built by "builder" with MS VC++ 10.0 (VS2010)

time: Sat Mar 23 22:45:24 2019
elapsed time: 152 seconds (0d 0h 2m 32s)

